c:\users\mdann\source\repos\dmc\strump\debug\vc142.pdb
c:\users\mdann\source\repos\dmc\strump\debug\vc142.idb
c:\users\mdann\source\repos\dmc\strump\debug\test.obj
c:\users\mdann\source\repos\dmc\strump\debug\rominfo.obj
c:\users\mdann\source\repos\dmc\strump\debug\memory.obj
c:\users\mdann\source\repos\dmc\strump\debug\log.obj
c:\users\mdann\source\repos\dmc\strump\debug\main.obj
c:\users\mdann\source\repos\dmc\strump\debug\emulator.obj
c:\users\mdann\source\repos\dmc\strump\debug\draw.obj
c:\users\mdann\source\repos\dmc\strump\debug\cpu.obj
c:\users\mdann\source\repos\dmc\strump\debug\commands.obj
c:\users\mdann\source\repos\dmc\strump\debug\strump.exe
c:\users\mdann\source\repos\dmc\strump\debug\strump.ilk
c:\users\mdann\source\repos\dmc\strump\debug\strump.pdb
c:\users\mdann\source\repos\dmc\strump\debug\memory.obj.enc
c:\users\mdann\source\repos\dmc\strump\debug\strump.tlog\cl.command.1.tlog
c:\users\mdann\source\repos\dmc\strump\debug\strump.tlog\cl.read.1.tlog
c:\users\mdann\source\repos\dmc\strump\debug\strump.tlog\cl.write.1.tlog
c:\users\mdann\source\repos\dmc\strump\debug\strump.tlog\link.command.1.tlog
c:\users\mdann\source\repos\dmc\strump\debug\strump.tlog\link.read.1.tlog
c:\users\mdann\source\repos\dmc\strump\debug\strump.tlog\link.write.1.tlog
